2022-03-28 15:41:34 :INFO :Logger is initialized
2022-03-28 15:41:34 :INFO :Logger is initialized
2022-03-28 15:41:34 :INFO :Logger is initialized
2022-03-28 15:41:35 :INFO :Logger is initialized
2022-03-28 15:41:35 :INFO :Logger is initialized
2022-03-28 15:41:35 :INFO :Logger is initialized
2022-03-28 15:41:35 :INFO :Logger is initialized
2022-03-28 15:41:35 :INFO :Logger is initialized
2022-03-28 15:41:35 :INFO :Logger is initialized
2022-03-28 15:41:35 :INFO :Logger is initialized
2022-03-28 15:41:35 :INFO :Logger is initialized
2022-03-28 15:41:35 :INFO :Logger is initialized
2022-03-28 15:41:35 :INFO :Logger is initialized
2022-03-28 15:41:35 :INFO :Logger is initialized
2022-03-28 15:41:35 :INFO :Logger is initialized
2022-03-28 15:41:39 :INFO :Opened the app url
2022-03-28 15:41:39 :INFO :Opened the app url
2022-03-28 15:41:39 :INFO :Opened the app url
2022-03-28 15:41:39 :INFO :Opened the app url
2022-03-28 15:41:39 :INFO :Opened the app url
2022-03-28 15:41:39 :INFO :The page title is: Your store. Login
2022-03-28 15:41:39 :INFO :The page title is: Your store. Login
2022-03-28 15:41:39 :INFO :The page title is: Your store. Login
2022-03-28 15:41:39 :INFO :The page title is: Your store. Login
2022-03-28 15:41:39 :INFO :The page title is: Your store. Login
2022-03-28 15:41:44 :INFO :Opened the app url
2022-03-28 15:41:44 :INFO :Opened the app url
2022-03-28 15:41:44 :INFO :Opened the app url
2022-03-28 15:41:44 :INFO :Opened the app url
2022-03-28 15:41:44 :INFO :Opened the app url
2022-03-28 15:41:44 :INFO :Entered the User name
2022-03-28 15:41:44 :INFO :Entered the User name
2022-03-28 15:41:44 :INFO :Entered the User name
2022-03-28 15:41:44 :INFO :Entered the User name
2022-03-28 15:41:44 :INFO :Entered the User name
2022-03-28 15:41:44 :INFO :Entered the Password
2022-03-28 15:41:44 :INFO :Entered the Password
2022-03-28 15:41:44 :INFO :Entered the Password
2022-03-28 15:41:44 :INFO :Entered the Password
2022-03-28 15:41:44 :INFO :Entered the Password
2022-03-28 15:48:53 :INFO :Logger is initialized
2022-03-28 15:48:53 :INFO :Logger is initialized
2022-03-28 15:48:53 :INFO :Logger is initialized
2022-03-28 15:48:54 :INFO :Logger is initialized
2022-03-28 15:48:54 :INFO :Logger is initialized
2022-03-28 15:48:54 :INFO :Logger is initialized
2022-03-28 15:48:54 :INFO :Logger is initialized
2022-03-28 15:48:54 :INFO :Logger is initialized
2022-03-28 15:48:54 :INFO :Logger is initialized
2022-03-28 15:48:54 :INFO :Logger is initialized
2022-03-28 15:48:54 :INFO :Logger is initialized
2022-03-28 15:48:54 :INFO :Logger is initialized
2022-03-28 15:48:54 :INFO :Logger is initialized
2022-03-28 15:48:54 :INFO :Logger is initialized
2022-03-28 15:48:54 :INFO :Logger is initialized
2022-03-28 15:48:58 :INFO :Opened the app url
2022-03-28 15:48:58 :INFO :Opened the app url
2022-03-28 15:48:58 :INFO :Opened the app url
2022-03-28 15:48:58 :INFO :Opened the app url
2022-03-28 15:48:58 :INFO :Opened the app url
2022-03-28 15:48:58 :INFO :The page title is: Your store. Login
2022-03-28 15:48:58 :INFO :The page title is: Your store. Login
2022-03-28 15:48:58 :INFO :The page title is: Your store. Login
2022-03-28 15:48:58 :INFO :The page title is: Your store. Login
2022-03-28 15:48:58 :INFO :The page title is: Your store. Login
2022-03-28 15:49:02 :INFO :Opened the app url
2022-03-28 15:49:02 :INFO :Opened the app url
2022-03-28 15:49:02 :INFO :Opened the app url
2022-03-28 15:49:02 :INFO :Opened the app url
2022-03-28 15:49:02 :INFO :Opened the app url
2022-03-28 15:49:02 :INFO :Entered the User name
2022-03-28 15:49:02 :INFO :Entered the User name
2022-03-28 15:49:02 :INFO :Entered the User name
2022-03-28 15:49:02 :INFO :Entered the User name
2022-03-28 15:49:02 :INFO :Entered the User name
2022-03-28 15:49:03 :INFO :Entered the Password
2022-03-28 15:49:03 :INFO :Entered the Password
2022-03-28 15:49:03 :INFO :Entered the Password
2022-03-28 15:49:03 :INFO :Entered the Password
2022-03-28 15:49:03 :INFO :Entered the Password
2022-03-28 15:50:18 :INFO :Logger is initialized
2022-03-28 15:50:18 :INFO :Logger is initialized
2022-03-28 15:50:18 :INFO :Logger is initialized
2022-03-28 15:50:19 :INFO :Logger is initialized
2022-03-28 15:50:19 :INFO :Logger is initialized
2022-03-28 15:50:19 :INFO :Logger is initialized
2022-03-28 15:50:19 :INFO :Logger is initialized
2022-03-28 15:50:19 :INFO :Logger is initialized
2022-03-28 15:50:19 :INFO :Logger is initialized
2022-03-28 15:50:19 :INFO :Logger is initialized
2022-03-28 15:50:19 :INFO :Logger is initialized
2022-03-28 15:50:19 :INFO :Logger is initialized
2022-03-28 15:50:19 :INFO :Logger is initialized
2022-03-28 15:50:19 :INFO :Logger is initialized
2022-03-28 15:50:19 :INFO :Logger is initialized
2022-03-28 15:50:24 :INFO :Opened the app url
2022-03-28 15:50:24 :INFO :Opened the app url
2022-03-28 15:50:24 :INFO :Opened the app url
2022-03-28 15:50:24 :INFO :Opened the app url
2022-03-28 15:50:24 :INFO :Opened the app url
2022-03-28 15:50:24 :INFO :The page title is: Your store. Login
2022-03-28 15:50:24 :INFO :The page title is: Your store. Login
2022-03-28 15:50:24 :INFO :The page title is: Your store. Login
2022-03-28 15:50:24 :INFO :The page title is: Your store. Login
2022-03-28 15:50:24 :INFO :The page title is: Your store. Login
2022-03-28 15:50:27 :INFO :Opened the app url
2022-03-28 15:50:27 :INFO :Opened the app url
2022-03-28 15:50:27 :INFO :Opened the app url
2022-03-28 15:50:27 :INFO :Opened the app url
2022-03-28 15:50:27 :INFO :Opened the app url
2022-03-28 15:50:27 :INFO :Entered the User name
2022-03-28 15:50:27 :INFO :Entered the User name
2022-03-28 15:50:27 :INFO :Entered the User name
2022-03-28 15:50:27 :INFO :Entered the User name
2022-03-28 15:50:27 :INFO :Entered the User name
2022-03-28 15:50:27 :INFO :Entered the Password
2022-03-28 15:50:27 :INFO :Entered the Password
2022-03-28 15:50:27 :INFO :Entered the Password
2022-03-28 15:50:27 :INFO :Entered the Password
2022-03-28 15:50:27 :INFO :Entered the Password
